<?xml version="1.0" encoding="UTF-8"?>
<!-- Generated by org.testng.reporters.JUnitXMLReporter -->
<testsuite ignored="3" hostname="LAPTOP-N2LL0T35" failures="2" tests="2" name="Test" time="6.304" errors="0" timestamp="2023-07-07T07:27:40 IST">
  <testcase classname="Test.RegistrationTest" name="registerWithValidCredentialWithAllFields" time="4.309">
    <failure type="java.lang.AssertionError" message="expected [Your Account Has Been Created!] but found [Register Account]">
      <![CDATA[java.lang.AssertionError: expected [Your Account Has Been Created!] but found [Register Account]
at Test.RegistrationTest.registerWithValidCredentialWithAllFields(RegistrationTest.java:60)
at java.base/java.util.ArrayList.forEach(ArrayList.java:1511)
... Removed 33 stack frames]]>
    </failure>
  </testcase> <!-- registerWithValidCredentialWithAllFields -->
  <testcase classname="Test.RegistrationTest" name="registerWithValidCredentialWithOnlyMandatoryFields" time="1.52">
    <failure type="java.lang.AssertionError" message="expected [Your Account Has Been Created!] but found [Register Account]">
      <![CDATA[java.lang.AssertionError: expected [Your Account Has Been Created!] but found [Register Account]
at Test.RegistrationTest.registerWithValidCredentialWithOnlyMandatoryFields(RegistrationTest.java:36)
at java.base/java.util.ArrayList.forEach(ArrayList.java:1511)
... Removed 33 stack frames]]>
    </failure>
  </testcase> <!-- registerWithValidCredentialWithOnlyMandatoryFields -->
  <testcase classname="Test.RegistrationTest" name="userEntersAlreadyRegisteredEmail" time="0.0">
    <ignored/>
  </testcase> <!-- userEntersAlreadyRegisteredEmail -->
  <testcase classname="Test.RegistrationTest" name="validatingPrivacyPolicyWarningMessage" time="0.0">
    <ignored/>
  </testcase> <!-- validatingPrivacyPolicyWarningMessage -->
  <testcase classname="Test.RegistrationTest" name="withoutEnteringDetailsUserClicksOnContinue" time="0.0">
    <ignored/>
  </testcase> <!-- withoutEnteringDetailsUserClicksOnContinue -->
</testsuite> <!-- Test -->
